Arguments: 
  C:\Program Files\nodejs\node.exe C:\Users\Tolu Akosile\AppData\Roaming\npm\node_modules\yarn\bin\yarn.js install

PATH: 
  C:\Windows\system32;C:\Windows;C:\Windows\System32\Wbem;C:\Windows\System32\WindowsPowerShell\v1.0\;C:\Windows\System32\OpenSSH\;C:\Program Files (x86)\Git\cmd;C:\Program Files\nodejs\;C:\Users\Tolu Akosile\AppData\Local\Microsoft\WindowsApps;C:\MinGW\bin;C:\Users\Tolu Akosile\AppData\Roaming\npm;C:\Users\Tolu Akosile\AppData\Local\Programs\Microsoft VS Code\bin;C:\Program Files\heroku\bin

Yarn version: 
  1.22.10

Node version: 
  14.16.1

Platform: 
  win32 x64

Trace: 
  Error: ENOENT: no such file or directory, lstat 'C:\Users\Tolu Akosile\Desktop\Web-Dev\Project\Whatsaap-clone\server\node_modules\mime'

npm manifest: 
  {
    "name": "server",
    "version": "1.0.0",
    "description": "",
    "main": "server.js",
    "type": "module",
    "scripts": {
      "start": "nodemon server.js"
    },
    "keywords": [],
    "author": "",
    "license": "ISC",
    "dependencies": {
      "cors": "^2.8.5",
      "dotenv": "^10.0.0",
      "express": "^4.17.1",
      "mongoose": "^5.12.10",
      "socket.io": "^4.1.2"
    }
  }

yarn manifest: 
  No manifest

Lockfile: 
  
